2025-10-31 09:49:41,288 - __main__ - [INFO] - main.py:102 - Logging system initialized
2025-10-31 09:49:41,378 - __main__ - [INFO] - main.py:260 - Initialized IMAP connection pool with max_connections=5
2025-10-31 09:49:42,363 - __main__ - [INFO] - main.py:1979 - Starting Outlook Email Management System on 0.0.0.0:8000
2025-10-31 09:49:42,364 - __main__ - [INFO] - main.py:1980 - Access the web interface at: http://localhost:8000
2025-10-31 09:49:42,365 - __main__ - [INFO] - main.py:1981 - Access the API documentation at: http://localhost:8000/docs
2025-10-31 09:49:42,956 - __main__ - [INFO] - main.py:1290 - Starting Outlook Email Management System v2.0...
2025-10-31 09:49:42,958 - __main__ - [INFO] - main.py:1293 - Initializing database...
2025-10-31 09:49:42,971 - __main__ - [INFO] - main.py:1295 - Database initialized successfully
2025-10-31 09:49:43,010 - __main__ - [INFO] - main.py:1302 - API Key initialized
2025-10-31 09:49:43,011 - __main__ - [INFO] - main.py:1306 - IMAP connection pool initialized with max_connections=5
2025-10-31 09:49:43,012 - __main__ - [INFO] - main.py:1312 - Token refresh background task scheduled
2025-10-31 09:49:43,013 - __main__ - [INFO] - main.py:1204 - Token refresh background task started
2025-10-31 09:49:43,014 - __main__ - [INFO] - main.py:1208 - Starting scheduled token refresh for all accounts...
2025-10-31 09:49:55,148 - __main__ - [INFO] - main.py:896 - Successfully refreshed token for hprjiocj465@outlook.com
2025-10-31 09:49:55,197 - __main__ - [INFO] - main.py:1253 - Successfully refreshed token for hprjiocj465@outlook.com
2025-10-31 09:50:06,945 - __main__ - [INFO] - main.py:896 - Successfully refreshed token for hnybirs6215@outlook.com
2025-10-31 09:50:06,987 - __main__ - [INFO] - main.py:1253 - Successfully refreshed token for hnybirs6215@outlook.com
2025-10-31 09:50:06,988 - __main__ - [INFO] - main.py:1272 - Token refresh completed: 2 succeeded, 0 failed
2025-10-31 09:50:42,853 - __main__ - [INFO] - main.py:1497 - [API] GET /accounts 收到请求:
2025-10-31 09:50:42,855 - __main__ - [INFO] - main.py:1498 -   page=1, page_size=10
2025-10-31 09:50:42,856 - __main__ - [INFO] - main.py:1499 -   email_search=None, tag_search=None
2025-10-31 09:50:42,857 - __main__ - [INFO] - main.py:1500 -   refresh_status=None, time_filter=None
2025-10-31 09:50:42,859 - __main__ - [INFO] - main.py:1501 -   after_date=None
2025-10-31 09:50:42,861 - __main__ - [INFO] - main.py:1502 -   refresh_start_date=None
2025-10-31 09:50:42,863 - __main__ - [INFO] - main.py:1503 -   refresh_end_date=None
2025-10-31 09:50:42,876 - __main__ - [INFO] - main.py:1518 - [API] 查询结果: 总数=2, 返回=2条
2025-10-31 09:50:43,083 - __main__ - [INFO] - main.py:1497 - [API] GET /accounts 收到请求:
2025-10-31 09:50:43,085 - __main__ - [INFO] - main.py:1498 -   page=1, page_size=10
2025-10-31 09:50:43,086 - __main__ - [INFO] - main.py:1499 -   email_search=None, tag_search=None
2025-10-31 09:50:43,087 - __main__ - [INFO] - main.py:1500 -   refresh_status=None, time_filter=None
2025-10-31 09:50:43,088 - __main__ - [INFO] - main.py:1501 -   after_date=None
2025-10-31 09:50:43,089 - __main__ - [INFO] - main.py:1502 -   refresh_start_date=None
2025-10-31 09:50:43,090 - __main__ - [INFO] - main.py:1503 -   refresh_end_date=None
2025-10-31 09:50:43,103 - __main__ - [INFO] - main.py:1518 - [API] 查询结果: 总数=2, 返回=2条
2025-10-31 09:50:43,226 - __main__ - [INFO] - main.py:1497 - [API] GET /accounts 收到请求:
2025-10-31 09:50:43,227 - __main__ - [INFO] - main.py:1498 -   page=1, page_size=10
2025-10-31 09:50:43,228 - __main__ - [INFO] - main.py:1499 -   email_search=None, tag_search=None
2025-10-31 09:50:43,229 - __main__ - [INFO] - main.py:1500 -   refresh_status=None, time_filter=None
2025-10-31 09:50:43,230 - __main__ - [INFO] - main.py:1501 -   after_date=None
2025-10-31 09:50:43,232 - __main__ - [INFO] - main.py:1502 -   refresh_start_date=None
2025-10-31 09:50:43,236 - __main__ - [INFO] - main.py:1503 -   refresh_end_date=None
2025-10-31 09:50:43,247 - __main__ - [INFO] - main.py:1518 - [API] 查询结果: 总数=2, 返回=2条
2025-10-31 10:15:37,901 - __main__ - [INFO] - main.py:1376 - Admin admin logged in successfully
2025-10-31 10:15:42,176 - __main__ - [INFO] - main.py:1497 - [API] GET /accounts 收到请求:
2025-10-31 10:15:42,176 - __main__ - [INFO] - main.py:1498 -   page=1, page_size=10
2025-10-31 10:15:42,177 - __main__ - [INFO] - main.py:1499 -   email_search=None, tag_search=None
2025-10-31 10:15:42,178 - __main__ - [INFO] - main.py:1500 -   refresh_status=None, time_filter=None
2025-10-31 10:15:42,178 - __main__ - [INFO] - main.py:1501 -   after_date=None
2025-10-31 10:15:42,179 - __main__ - [INFO] - main.py:1502 -   refresh_start_date=None
2025-10-31 10:15:42,180 - __main__ - [INFO] - main.py:1503 -   refresh_end_date=None
2025-10-31 10:15:42,189 - __main__ - [INFO] - main.py:1518 - [API] 查询结果: 总数=2, 返回=2条
2025-10-31 10:19:37,859 - __main__ - [INFO] - main.py:1497 - [API] GET /accounts 收到请求:
2025-10-31 10:19:37,860 - __main__ - [INFO] - main.py:1498 -   page=1, page_size=1
2025-10-31 10:19:37,861 - __main__ - [INFO] - main.py:1499 -   email_search=None, tag_search=None
2025-10-31 10:19:37,861 - __main__ - [INFO] - main.py:1500 -   refresh_status=None, time_filter=None
2025-10-31 10:19:37,862 - __main__ - [INFO] - main.py:1501 -   after_date=None
2025-10-31 10:19:37,862 - __main__ - [INFO] - main.py:1502 -   refresh_start_date=None
2025-10-31 10:19:37,862 - __main__ - [INFO] - main.py:1503 -   refresh_end_date=None
2025-10-31 10:19:37,870 - __main__ - [INFO] - main.py:1518 - [API] 查询结果: 总数=2, 返回=1条
2025-10-31 10:20:04,261 - __main__ - [INFO] - main.py:1497 - [API] GET /accounts 收到请求:
2025-10-31 10:20:04,262 - __main__ - [INFO] - main.py:1498 -   page=1, page_size=10
2025-10-31 10:20:04,262 - __main__ - [INFO] - main.py:1499 -   email_search=None, tag_search=None
2025-10-31 10:20:04,263 - __main__ - [INFO] - main.py:1500 -   refresh_status=None, time_filter=None
2025-10-31 10:20:04,263 - __main__ - [INFO] - main.py:1501 -   after_date=None
2025-10-31 10:20:04,264 - __main__ - [INFO] - main.py:1502 -   refresh_start_date=None
2025-10-31 10:20:04,264 - __main__ - [INFO] - main.py:1503 -   refresh_end_date=None
2025-10-31 10:20:04,272 - __main__ - [INFO] - main.py:1518 - [API] 查询结果: 总数=2, 返回=2条
2025-10-31 10:20:15,423 - __main__ - [INFO] - main.py:825 - Successfully obtained access token for hprjiocj465@outlook.com
2025-10-31 10:20:18,099 - __main__ - [INFO] - main.py:294 - Successfully created IMAP connection for hprjiocj465@outlook.com
2025-10-31 10:21:20,897 - __main__ - [INFO] - main.py:825 - Successfully obtained access token for hprjiocj465@outlook.com
2025-10-31 10:23:42,646 - __main__ - [INFO] - main.py:1497 - [API] GET /accounts 收到请求:
2025-10-31 10:23:42,647 - __main__ - [INFO] - main.py:1498 -   page=1, page_size=10
2025-10-31 10:23:42,648 - __main__ - [INFO] - main.py:1499 -   email_search=None, tag_search=None
2025-10-31 10:23:42,649 - __main__ - [INFO] - main.py:1500 -   refresh_status=None, time_filter=None
2025-10-31 10:23:42,649 - __main__ - [INFO] - main.py:1501 -   after_date=None
2025-10-31 10:23:42,650 - __main__ - [INFO] - main.py:1502 -   refresh_start_date=None
2025-10-31 10:23:42,651 - __main__ - [INFO] - main.py:1503 -   refresh_end_date=None
2025-10-31 10:23:42,659 - __main__ - [INFO] - main.py:1518 - [API] 查询结果: 总数=2, 返回=2条
